<?xml version="1.0" encoding="UTF-8" ?>
<testsuite tests="1" failures="0" name="com.xiaohai.OSSTest" time="0.398" errors="0" skipped="0">
  <properties>
    <property name="idea.version" value="2022.3.2"/>
    <property name="java.runtime.name" value="OpenJDK Runtime Environment"/>
    <property name="sun.boot.library.path" value="C:\Users\17938\.jdks\corretto-1.8.0_372\jre\bin"/>
    <property name="java.vm.version" value="25.372-b07"/>
    <property name="java.vm.vendor" value="Amazon.com Inc."/>
    <property name="maven.multiModuleProjectDirectory" value="C:\Users\17938\workspace\XHBlog"/>
    <property name="java.vendor.url" value="https://aws.amazon.com/corretto/"/>
    <property name="path.separator" value=";"/>
    <property name="guice.disable.misplaced.annotation.check" value="true"/>
    <property name="java.vm.name" value="OpenJDK 64-Bit Server VM"/>
    <property name="file.encoding.pkg" value="sun.io"/>
    <property name="user.script" value=""/>
    <property name="user.country" value="CN"/>
    <property name="sun.java.launcher" value="SUN_STANDARD"/>
    <property name="sun.os.patch.level" value=""/>
    <property name="java.vm.specification.name" value="Java Virtual Machine Specification"/>
    <property name="user.dir" value="C:\Users\17938\workspace\XHBlog"/>
    <property name="java.runtime.version" value="1.8.0_372-b07"/>
    <property name="java.awt.graphicsenv" value="sun.awt.Win32GraphicsEnvironment"/>
    <property name="java.endorsed.dirs" value="C:\Users\17938\.jdks\corretto-1.8.0_372\jre\lib\endorsed"/>
    <property name="os.arch" value="amd64"/>
    <property name="java.io.tmpdir" value="C:\Users\17938\AppData\Local\Temp\"/>
    <property name="line.separator" value="
"/>
    <property name="java.vm.specification.vendor" value="Oracle Corporation"/>
    <property name="user.variant" value=""/>
    <property name="os.name" value="Windows 11"/>
    <property name="maven.ext.class.path" value="C:\Program Files\JetBrains\IntelliJ IDEA 2022.3.2\plugins\maven\lib\maven-event-listener.jar"/>
    <property name="classworlds.conf" value="C:\Users\17938\apache-maven-3.6.1-bin\apache-maven-3.6.1\bin\m2.conf"/>
    <property name="sun.jnu.encoding" value="GBK"/>
    <property name="java.library.path" value="C:\Users\17938\.jdks\corretto-1.8.0_372\bin;C:\WINDOWS\Sun\Java\bin;C:\WINDOWS\system32;C:\WINDOWS;C:\Users\17938\Documents\soft\Java\jdk\bin;C:\Users\17938\Documents\soft\Java\jdk\jre\bin;C:\Python312\Scripts\;C:\Python312\;C:\Program Files (x86)\VMware\VMware Workstation\bin\;C:\Program Files (x86)\Tencent\微信web开发者工具\dll;C:\Program Files\Common Files\Oracle\Java\javapath;C:\Program Files (x86)\Common Files\Oracle\Java\javapath;C:\Program Files\Cloudflare\Cloudflare WARP\;C:\Program Files\WireGuard\;C:\Program Files\Git\cmd;C:\Program Files\dotnet\;C:\Users\17938\Documents\soft\nodejs\;C:\WINDOWS\system32;C:\WINDOWS;C:\WINDOWS\System32\Wbem;C:\WINDOWS\System32\WindowsPowerShell\v1.0\;C:\WINDOWS\System32\OpenSSH\;C:\Users\17938\Documents\soft\mysql-8.0.32-winx64\mysql-8.0.32-winx64\bin;C:\Users\17938\apache-maven-3.6.1-bin\apache-maven-3.6.1\bin;C:\Users\17938\AppData\Roaming\Microsoft\Windows\Start Menu\Programs\Python 3.8\bin;C:\Users\17938\Documents\soft\erl-24.2\bin;C:\Users\17938\Documents\soft\rocketmq-4.9.2\bin;C:\Users\17938\Documents\soft\nodejs\;C:\ProgramData\chocolatey\bin;C:\Users\17938\Documents\soft\mycat\bin;C:\Users\17938\AppData\Local\Programs\Python\Python38\Scripts\;C:\Users\17938\AppData\Local\Programs\Python\Python38\;C:\Users\17938\AppData\Local\Microsoft\WindowsApps;C:\Program Files\JetBrains\PyCharm Community Edition 2022.3.2\bin;;C:\Users\17938\AppData\Local\Programs\Microsoft VS Code\bin;C:\Program Files\cpolar\;C:\soft\nodejs\node_global;C:\Users\17938\AppData\Roaming\npm;."/>
    <property name="jansi.passthrough" value="true"/>
    <property name="maven.conf" value="C:\Users\17938\apache-maven-3.6.1-bin\apache-maven-3.6.1/conf"/>
    <property name="java.specification.name" value="Java Platform API Specification"/>
    <property name="java.class.version" value="52.0"/>
    <property name="sun.management.compiler" value="HotSpot 64-Bit Tiered Compilers"/>
    <property name="maven.repo.local" value="C:\Users\17938\maven\mvn_resp"/>
    <property name="os.version" value="10.0"/>
    <property name="user.home" value="C:\Users\17938"/>
    <property name="user.timezone" value="Asia/Shanghai"/>
    <property name="java.awt.printerjob" value="sun.awt.windows.WPrinterJob"/>
    <property name="java.specification.version" value="1.8"/>
    <property name="file.encoding" value="UTF-8"/>
    <property name="user.name" value="17938"/>
    <property name="java.class.path" value="C:\Users\17938\apache-maven-3.6.1-bin\apache-maven-3.6.1\boot\plexus-classworlds-2.6.0.jar;C:\Program Files\JetBrains\IntelliJ IDEA 2022.3.2\lib\idea_rt.jar"/>
    <property name="java.vm.specification.version" value="1.8"/>
    <property name="sun.arch.data.model" value="64"/>
    <property name="java.home" value="C:\Users\17938\.jdks\corretto-1.8.0_372\jre"/>
    <property name="sun.java.command" value="org.codehaus.classworlds.Launcher -Didea.version=2022.3.2 -s C:\Users\17938\maven\settings.xml -Dmaven.repo.local=C:\Users\17938\maven\mvn_resp install"/>
    <property name="java.specification.vendor" value="Oracle Corporation"/>
    <property name="user.language" value="zh"/>
    <property name="awt.toolkit" value="sun.awt.windows.WToolkit"/>
    <property name="java.vm.info" value="mixed mode"/>
    <property name="java.version" value="1.8.0_372"/>
    <property name="java.ext.dirs" value="C:\Users\17938\.jdks\corretto-1.8.0_372\jre\lib\ext;C:\WINDOWS\Sun\Java\lib\ext"/>
    <property name="sun.boot.class.path" value="C:\Users\17938\.jdks\corretto-1.8.0_372\jre\lib\resources.jar;C:\Users\17938\.jdks\corretto-1.8.0_372\jre\lib\rt.jar;C:\Users\17938\.jdks\corretto-1.8.0_372\jre\lib\sunrsasign.jar;C:\Users\17938\.jdks\corretto-1.8.0_372\jre\lib\jsse.jar;C:\Users\17938\.jdks\corretto-1.8.0_372\jre\lib\jce.jar;C:\Users\17938\.jdks\corretto-1.8.0_372\jre\lib\charsets.jar;C:\Users\17938\.jdks\corretto-1.8.0_372\jre\lib\jfr.jar;C:\Users\17938\.jdks\corretto-1.8.0_372\jre\classes"/>
    <property name="java.vendor" value="Amazon.com Inc."/>
    <property name="java.specification.maintenance.version" value="4"/>
    <property name="maven.home" value="C:\Users\17938\apache-maven-3.6.1-bin\apache-maven-3.6.1"/>
    <property name="file.separator" value="\"/>
    <property name="java.vendor.url.bug" value="https://github.com/corretto/corretto-8/issues/"/>
    <property name="sun.cpu.endian" value="little"/>
    <property name="sun.io.unicode.encoding" value="UnicodeLittle"/>
    <property name="sun.desktop" value="windows"/>
    <property name="sun.cpu.isalist" value="amd64"/>
  </properties>
  <testcase classname="com.xiaohai.OSSTest" name="com.xiaohai.OSSTest.testOSS" time="0.398"/>
</testsuite>